《不爱不散》,2014.1.10,52
《顺风车》,2015.6.5,85
《小门神》,2016.1.1,188
《百变爱人》,2014.4.11,71
《睡在我上铺的兄弟》,2016.4.1,49
《情剑》,2015.8.7,172
《熊出没之年货》,2014.1.30,107
《烈日灼心》,2015.8.27,204
《床下有人2》,2014.8.22,39
《后会无期》,2014.7.24,117
《天各一方》,2015.10.9,131
《撒娇女人最好命》,2014.11.28,17
《小时代4：灵魂尽头》,2015.7.9,65
《魁拔Ⅲ战神崛起》,2014.10.1,95
《整容日记》,2014.4.4,21
《冰封：重生之门》,2014.4.25,148
《火锅英雄》,2016.4.1,169
《寄生兽》,2016.9.2,139
《北京爱情故事》,2014.2.14,58
《恶战》,2014.1.10,94
《刺客聂隐娘》,2015.8.27,148
《魔兽》,2016.6.8,87
《一步之遥》,2014.12.18,146
《破局》,2014.7.11,13
《甜蜜杀机》,2014.3.7,147
《万万没想到》,2015.12.18,160
《重返20岁》,2015.1.8,179
《缘来是游戏》,2014.9.19,30
《一号目标》,2014.5.23,200
《京城81号》,2014.7.18,114
《叶问3》,2016.3.4,101
《男人不可以穷》,2014.12.24,129
《一生一世》,2014.9.5,92
《我想结婚的时候你在哪》,2014.8.1,85
《年兽大作战》,2016.2.8,139
《神探驾到》,2015.2.6,36
《天将雄师》,2015.2.19,150
《西游记之大闹天宫》,2014.1.31,132
《美国队长3》,2016.5.6,57
《新娘大作战》,2015.8.20,171
《长江7号超萌特攻队》,2015.9.26,171
《百变爱人》,2014.4.11,201
《港囧》,2015.9.25,12
《兔侠之青黎传说》,2015.2.21,58
《触不可及》,2014.9.19,168
《冰封：重生之门》,2014.4.25,109
《缘来是游戏》,2014.9.19,96
《小时代4：灵魂尽头》,2015.7.9,90
《反贪风暴》,2014.8.16,93
《床下有人2》,2014.8.22,86
《惊天魔盗团2》,2016.6.24,81
《我是路人甲》,2015.7.3,170
《澳门风云》,2014.1.31,17
《闺蜜》,2014.7.30,24
《永春白鹤拳之擎天画卷》,2014.8.15,93
《前任攻略》,2014.1.31,176
《谍影重重5》,2016.8.23,170
《非狐外传》,2014.3.14,184
《丑男大翻身》,2014.5.27,114
《万万没想到》,2015.12.18,176
《巴黎危机》,2016.9.20,86
《黎明之眼》,2014.9.18,36
《脱轨时代》,2014.3.7,18
《魔警》,2014.4.18,66
《谁是卧底之王牌》,2014.12.31,26
《谁动了我的梦想》,2014.12.11,86
《巴霍巴利王：开端》,2016.7.22,5
《痞子英雄2：黎明升起》,2014.10.1,34
《怒放之青春再见》,2014.1.10,28
《鲨滩》,2016.9.9,100
《夏洛特烦恼》,2015.9.30,123
《老炮儿》,2015.12.24,203
《追爱大布局》,2014.4.15,8
《魔幻仙踪》,2014.5.3,179
《一个人的武林》,2014.10.31,106
《女生宿舍》,2014.9.12,95
《触不可及》,2014.9.19,132
《最美的时候遇见你》,2015.12.11,165
《痞子英雄2：黎明升起》,2014.10.1,28
《风云1927》,2014.5.23,25
《美人鱼》,2016.2.8,56
《夜半梳头》,2014.6.13,71
《风云1927》,2014.5.23,80
《冰川时代5：星际碰撞》,2016.8.23,150
《不朽的时光》,2016.4.15,66
《夏有乔木雅望天堂》,2016.8.5,151
《潜龙风云》,2014.11.7,32
《百变爱人》,2014.4.11,86
《一念天堂》,2015.12.31,173
《盗马记》,2014.3.21,173
《夏有乔木雅望天堂》,2016.8.5,146
《华丽上班族》,2015.9.2,153
《菜鸟》,2015.3.27,78
《疯狂72小时》,2014.6.6,47
《脱轨时代》,2014.3.7,57
《白日焰火》,2014.3.21,136
《谁是卧底之王牌》,2014.12.31,5
《爸爸去哪儿》,2014.1.31,83
《大变局之梦回甲午》,2015.9.1,119
《消失的凶手》,2015.11.27,72
《万物生长》,2015.4.17,135
《菊花台》,2014.2.14,112
《熊出没之夺宝熊兵》,2014.1.17,132
《床下有人2》,2014.8.22,27
《推拿》,2014.11.28,86
《心迷宫》,2015.10.16,133
《夜行动物》,2014.1.9,23
《忍者神龟2：破影而出》,2016.7.2,125
《蒲出去》,2014.1.30,202
《夏洛特烦恼》,2015.9.30,186
《爱之初体验》,2015.8.7,184
《澳门风云2》,2015.2.19,49
《老男孩之猛龙过江》,2014.7.10,107
《怒放之青春再见》,2014.1.10,39
《微微一笑很倾城》,2016.8.12,185
《归来》,2014.5.16,165
《后会无期》,2014.7.24,138
《百变爱人》,2014.4.11,20
《拳霸风云》,2015.6.26,59
《情剑》,2015.8.7,163
《闺蜜》,2014.7.30,13
《西游记之大闹天宫》,2014.1.31,10
《怒放之青春再见》,2014.1.10,109
《一路向前》,2015.8.6,201
《夜行动物》,2014.1.9,20
《十二公民》,2015.5.15,47
《X战警：天启》,2016.6.3,42
《我是证人》,2015.10.3,169
《疯狂动物城》,2016.3.4,100
《飞跃地心》,2014.8.9,81
《新步步惊心》,2015.8.7,170
《我们的十年》,2016.9.2,192
《熊出没之夺宝熊兵》,2014.1.17,109
《致青春·原来你还在这里》,2016.7.8,166
《烈日灼心》,2015.8.27,83
《对不起，我爱你》,2014.1.3,121
《左耳》,2015.4.24,85
《疯狂动物城》,2016.3.4,109
《港囧》,2015.9.25,28
《封神传奇》,2016.7.29,64
《非狐外传》,2014.3.14,168
《简单爱》,2015.7.3,200
《同桌的你》,2014.4.25,163
《同桌的你》,2014.4.25,184
《忍者神龟2：破影而出》,2016.7.2,99
《危城》,2016.8.12,40
《剑河》,2014.10.24,177
《坏蛋必须死》,2015.11.27,62
《完美超越》,2014.1.5,65
《既然青春留不住》,2015.10.23,195
《怦然星动》,2015.12.3,90
《痞子英雄2：黎明升起》,2014.10.1,51
《追爱大布局》,2014.4.15,55
《潜龙风云》,2014.11.7,41
《分手大师》,2014.6.27,39
《一代宗师》,2015.1.8,58
《京城81号》,2014.7.18,29
《不能说的夏天》,2014.10.24,89
《整容日记》,2014.4.4,141
《魔幻仙踪》,2014.5.3,150
《江湖论剑实录》,2014.8.15,197
《巴啦啦小魔仙之魔箭公主》,2015.10.1,125
《烈日灼心》,2015.8.27,13
《叶问3》,2016.3.4,201
《大话天仙》,2014.2.2,90
《龙之谷：破晓奇兵》,2014.7.31,202
《黄金时代》,2014.10.1,98
《冰川时代5：星际碰撞》,2016.8.23,48
《封门诡影》,2015.3.13,163
《美人鱼》,2016.2.8,138
《我的少女时代》,2015.11.19,42
《痞子英雄2：黎明升起》,2014.10.1,153
《完美超越》,2014.1.5,158
《菜鸟》,2015.3.27,148
《美人邦》,2014.8.28,158
《卧虎藏龙：青冥宝剑》,2016.2.19,29
《脱轨时代》,2014.3.7,87
《巴啦啦小魔仙之魔箭公主》,2015.10.1,149
《破风》,2015.8.7,187
《大变局之梦回甲午》,2015.9.1,146
《猎神：冬日之战》,2016.4.22,135
《师父》,2015.12.10,113
《猎神：冬日之战》,2016.4.22,75
《兔侠之青黎传说》,2015.2.21,75
《魁拔Ⅲ战神崛起》,2014.10.1,136
《分手大师》,2014.6.27,129
《闯入者》,2015.4.30,101
《爱情进化论》,2014.8.15,131
《魔卡行动》,2015.10.16,175
《魁拔Ⅲ战神崛起》,2014.10.1,75
《甜蜜杀机》,2014.3.7,149
《X战警：天启》,2016.6.3,192
《菜鸟》,2015.3.27,25
《危城》,2016.8.12,30
《冰封：重生之门》,2014.4.25,29
《魔幻仙踪》,2014.5.3,152
《最美的时候遇见你》,2015.12.11,76
《夜行动物》,2014.1.9,16
《老男孩之猛龙过江》,2014.7.10,57
《顺风车》,2015.6.5,100
《归来》,2014.5.16,47
《小时代3：刺金时代》,2014.7.17,85
《华丽上班族》,2015.9.2,63
《魔幻仙踪》,2014.5.3,85
《寒战2》,2016.7.8,169
《大话天仙》,2014.2.2,38
《火锅英雄》,2016.4.1,117
《万物生长》,2015.4.17,102
《男人不可以穷》,2014.12.24,102
《何以笙箫默》,2015.4.30,202
《道士下山》,2015.7.3,190
《对不起，我爱你》,2014.1.3,155
《小门神》,2016.1.1,105
《蝙蝠侠大战超人：正义黎明》,2016.3.25,155
《我是证人》,2015.10.3,104
《北回归线》,2014.10.17,140
《伦敦陷落》,2016.4.8,125
《一生一世》,2014.9.5,90
《一个人的武林》,2014.10.31,181
《一步之遥》,2014.12.18,117
《重返20岁》,2015.1.8,107
《熊出没之年货》,2014.1.30,200
《消失的凶手》,2015.11.27,31
《微微一笑很倾城》,2016.8.12,23
《蝙蝠侠大战超人：正义黎明》,2016.3.25,8
《新娘大作战》,2015.8.20,157
《笔仙惊魂3》,2014.4.4,15
《毕业那年--分手季》,2014.10.17,186
《哆啦A梦：新·大雄的日本诞生》,2016.7.22,87
《神探驾到》,2015.2.6,40
《神战：权力之眼》,2016.3.11,12
《过界男女》,2014.2.14,85
《临时同居》,2014.8.21,57
《冰封：重生之门》,2014.4.25,125
《一生一世》,2014.9.5,170
《赤道》,2015.4.30,55
《刺客聂隐娘》,2015.8.27,74
《西游记之大圣归来》,2015.7.10,29
《闯入者》,2015.4.30,106
《反贪风暴》,2014.8.16,126
《分手大师》,2014.6.27,82
《魔警》,2014.4.18,111
《谁的青春不迷茫》,2016.4.22,169
《年兽大作战》,2016.2.8,51
《谁是卧底之王牌》,2014.12.31,134
《蒲出去》,2014.1.30,53
《剩者为王》,2015.11.6,141
《狙击时刻》,2014.10.24,194
《宅女侦探桂香》,2015.8.13,148
《既然青春留不住》,2015.10.23,105
《巴霍巴利王：开端》,2016.7.22,45
《不能说的夏天》,2014.10.24,44
《家在水草丰茂的地方》,2015.10.23,159
《盗墓笔记》,2016.8.5,145
《失孤》,2015.3.20,132
《天将雄师》,2015.2.19,204
《秦时明月之龙腾万里》,2014.8.8,131
《我们的十年》,2016.9.2,14
《我是路人甲》,2015.7.3,65
《江湖论剑实录》,2014.8.15,40
《不能说的夏天》,2014.10.24,65
《我是大明星》,2015.12.20,133
《华丽上班族》,2015.9.2,6
《黄金时代》,2014.10.1,158
《守梦者》,2015.7.24,143
《华丽上班族》,2015.9.2,110
《万万没想到》,2015.12.18,150
《美人邦》,2014.8.28,86
《黎明之眼》,2014.9.18,193
《我是证人》,2015.10.3,202
《浪漫天降》,2015.10.23,28
《小门神》,2016.1.1,43
《谁是卧底之王牌》,2014.12.31,169
《情剑》,2015.8.7,8
《追爱大布局》,2014.4.15,184
《可爱的你》,2015.3.20,75
《年兽大作战》,2016.2.8,199
《师父》,2015.12.10,20
《卧龙岗》,2014.10.17,179
《北京爱情故事》,2014.2.14,127
《熊出没之熊心归来》,2016.1.16,166
《剩者为王》,2015.11.6,79
《后会无期》,2014.7.24,81
《火锅英雄》,2016.4.1,175
《刺客聂隐娘》,2015.8.27,30
《破风》,2015.8.7,98
《坏蛋必须死》,2015.11.27,187
《江湖论剑实录》,2014.8.15,181
《爱情进化论》,2014.8.15,202
《九条命》,2016.9.9,84
《熊出没之夺宝熊兵》,2014.1.17,25
《美国队长3》,2016.5.6,113
《狙击时刻》,2014.10.24,73
《澳门风云》,2014.1.31,175
《简单爱》,2015.7.3,13
《窃听风云3》,2014.5.29,52
《人间小团圆》,2014.5.8,21
《陆垚知马俐》,2016.7.15,155
《百团大战》,2015.8.28,128
《巴霍巴利王：开端》,2016.7.22,80
《微微一笑很倾城》,2016.8.12,37
《完美超越》,2014.1.5,43
《爱宠大机密》,2016.8.2,14
《丑男大翻身》,2014.5.27,186
《心迷宫》,2015.10.16,155
《分手大师》,2014.6.27,202
《我在路上最爱你》,2014.3.28,129
《9号女神》,2014.1.9,187
《爱情魔发师》,2015.7.17,100
《心咒》,2014.5.23,7
《巴霍巴利王：开端》,2016.7.22,37
《剩者为王》,2015.11.6,46
《匆匆那年》,2014.12.5,190
《魔警》,2014.4.18,108
《分手达人》,2014.6.6,29
《我在路上最爱你》,2014.3.28,18
《西游记之大闹天宫》,2014.1.31,103
《惊天魔盗团2》,2016.6.24,39
《窃听风云3》,2014.5.29,181
《男人不可以穷》,2014.12.24,40
《长江7号超萌特攻队》,2015.9.26,136
《最美的时候遇见你》,2015.12.11,79
《煎饼侠》,2015.7.17,28
《紫霞》,2015.12.11,17
《枪过境》,2015.4.16,201
《伦敦陷落》,2016.4.8,28
《巴啦啦小魔仙之魔箭公主》,2015.10.1,111
《赤道》,2015.4.30,180
《熊出没之熊心归来》,2016.1.16,199
《狼图腾》,2015.2.19,97
《吉星高照2015》,2015.3.1,166
《大话天仙》,2014.2.2,7
《栀子花开》,2015.7.10,126
《恐怖游泳馆》,2015.7.31,97
《笔仙惊魂3》,2014.4.4,93
《失孤》,2015.3.20,71
《可爱的你》,2015.3.20,5
《万物生长》,2015.4.17,53
《撒娇女人最好命》,2014.11.28,111
《疯狂72小时》,2014.6.6,109
《疯狂动物城》,2016.3.4,121
《熊出没之年货》,2014.1.30,157
《诡镇》,2014.1.17,66
《龙之谷：破晓奇兵》,2014.7.31,11
《蝙蝠侠大战超人：正义黎明》,2016.3.25,139
《港囧》,2015.9.25,20
《澳门风云2》,2015.2.19,154
《9号女神》,2014.1.9,102
《澳门风云》,2014.1.31,12
《闺蜜》,2014.7.30,95
《一个人的武林》,2014.10.31,96
《男人不可以穷》,2014.12.24,113
《北京爱情故事》,2014.2.14,152
《惊天魔盗团2》,2016.6.24,10
《剩者为王》,2015.11.6,106
《家在水草丰茂的地方》,2015.10.23,145
《赤道》,2015.4.30,193
《破风》,2015.8.7,191
《黄金时代》,2014.10.1,169
《一代宗师》,2015.1.8,110
《恐怖游泳馆》,2015.7.31,159
《启功》,2015.9.10,169
《守梦者》,2015.7.24,33
《黄金时代》,2014.10.1,29
《简单爱》,2015.7.3,37
《赤道》,2015.4.30,94
《夜半梳头》,2014.6.13,52
《烈日灼心》,2015.8.27,9
《分手再说我爱你》,2015.12.24,137
《探灵档案》,2015.3.7,34
《一个人的武林》,2014.10.31,132
《死亡邮件》,2014.6.20,81
《栀子花开》,2015.7.10,125
《破局》,2014.7.11,57
《暴疯语》,2015.4.3,120
《何以笙箫默》,2015.4.30,108
《还魂之迷失曼谷》,2014.12.26,17
《恶战》,2014.1.10,154
《将错就错》,2015.3.5,164
《启功》,2015.9.10,128
《北回归线》,2014.10.17,197
《道士下山》,2015.7.3,91
《分手达人》,2014.6.6,99
《疯狂72小时》,2014.6.6,56
《狙击时刻》,2014.10.24,161
《碟仙诡谭》,2014.8.8,100
《魔兽》,2016.6.8,146
《闺蜜》,2014.7.30,192
《鬼吹灯之寻龙诀》,2015.12.18,58
《我的少女时代》,2015.11.19,104
《西游记之大闹天宫》,2014.1.31,95
《毕业那年--分手季》,2014.10.17,60
《微微一笑很倾城》,2016.8.12,124
《超脑48小时》,2016.5.13,51
《不可思异》,2015.12.4,85
《缘来是游戏》,2014.9.19,87
《哆啦A梦：新·大雄的日本诞生》,2016.7.22,173
《小时代4：灵魂尽头》,2015.7.9,204
《林中小屋》,2014.2.14,90
《触不可及》,2014.9.19,148
《北京爱情故事》,2014.2.14,134
《分手再说我爱你》,2015.12.24,58
《大话天仙》,2014.2.2,178
《一号目标》,2014.5.23,45
《过界男女》,2014.2.14,41
《吉星高照2015》,2015.3.1,162
《夏洛特烦恼》,2015.9.30,143
《不朽的时光》,2016.4.15,123
《秦时明月之龙腾万里》,2014.8.8,30
《我是谁2015》,2015.6.12,152
《北回归线》,2014.10.17,17
《惊天大逆转》,2016.7.15,60
《非狐外传》,2014.3.14,95
《完美超越》,2014.1.5,135
《推拿》,2014.11.28,118
《青春时光》,2014.11.28,119
《老男孩之猛龙过江》,2014.7.10,100
《蝙蝠侠大战超人：正义黎明》,2016.3.25,194
《冰川时代5：星际碰撞》,2016.8.23,169
《对不起，我爱你》,2014.1.3,146
《碟仙诡谭》,2014.8.8,8
《美人鱼》,2016.2.8,60
《毕业那年--分手季》,2014.10.17,148
《爱之初体验》,2015.8.7,25
《推拿》,2014.11.28,151
《全城通缉》,2014.11.6,136
《天将雄师》,2015.2.19,38
《巴黎假期》,2015.7.31,191
《熊出没之夺宝熊兵》,2014.1.17,110
《西游记之大圣归来》,2015.7.10,178
《前任2：备胎反击战》,2015.11.6,47
《爱宠大机密》,2016.8.2,191
《女生宿舍》,2014.9.12,97
《我想结婚的时候你在哪》,2014.8.1,18
《破局》,2014.7.11,192
《怒放之青春再见》,2014.1.10,100
《鲨滩》,2016.9.9,112
《我是路人甲》,2015.7.3,190
《坏蛋必须死》,2015.11.27,62
《我是谁2015》,2015.6.12,80
《天各一方》,2015.10.9,43
《魔警》,2014.4.18,203
《爱宠大机密》,2016.8.2,167
《小时代3：刺金时代》,2014.7.17,48
《大变局之梦回甲午》,2015.9.1,97
《X战警：天启》,2016.6.3,71
《百鸟朝凤》,2016.5.6,62
《碟仙诡谭》,2014.8.8,172
《坏姐姐之拆婚联盟》,2014.11.28,54
《死亡邮件》,2014.6.20,163
《森林孤影》,2014.9.12,28
《伦敦陷落》,2016.4.8,89
《致青春·原来你还在这里》,2016.7.8,38
《精武青春》,2014.12.11,161
《小门神》,2016.1.1,116
《家在水草丰茂的地方》,2015.10.23,201
《九条命》,2016.9.9,74
《秦时明月之龙腾万里》,2014.8.8,106
《澳门风云》,2014.1.31,55
《九层妖塔》,2015.9.30,130
《九层妖塔》,2015.9.30,169
《枪过境》,2015.4.16,143
《封神传奇》,2016.7.29,146
《鬼吹灯之寻龙诀》,2015.12.18,164
《鲨滩》,2016.9.9,100
《浪漫天降》,2015.10.23,29
《一万年以后》,2015.3.27,6
《熊出没之年货》,2014.1.30,187
《卧虎藏龙：青冥宝剑》,2016.2.19,158
《我想结婚的时候你在哪》,2014.8.1,51
《北回归线》,2014.10.17,17
《探灵档案》,2015.3.7,66
《一万年以后》,2015.3.27,76
《宅女侦探桂香》,2015.8.13,135
《危城》,2016.8.12,195
《脱轨时代》,2014.3.7,152
《不可思异》,2015.12.4,20
《守梦者》,2015.7.24,92
《菊花台》,2014.2.14,146
《触不可及》,2014.9.19,28
《一念天堂》,2015.12.31,111
《澳门风云3》,2016.2.8,177
《左耳》,2015.4.24,96
《匆匆那年》,2014.12.5,159
《临时同居》,2014.8.21,66
《少年班》,2015.6.19,33
《西游记之孙悟空三打白骨精》,2016.2.8,49
《小时代3：刺金时代》,2014.7.17,110
《我是大明星》,2015.12.20,86
《缘来是游戏》,2014.9.19,174
《林中小屋》,2014.2.14,99
《心迷宫》,2015.10.16,20
《澳门风云3》,2016.2.8,56
《情剑》,2015.8.7,33
《黄金时代》,2014.10.1,163
《最佳嫌疑人》,2014.4.18,73
《捉妖记》,2015.7.16,100
《爸爸去哪儿》,2014.1.31,88
《飞跃地心》,2014.8.9,144
《归来》,2014.5.16,97
《床下有人2》,2014.8.22,95
《撒娇女人最好命》,2014.11.28,119
《哆啦A梦：新·大雄的日本诞生》,2016.7.22,118
《破风》,2015.8.7,145
《封神传奇》,2016.7.29,74
《北京爱情故事》,2014.2.14,120
《惊天大逆转》,2016.7.15,7
《可爱的你》,2015.3.20,27
《谍影重重5》,2016.8.23,81
《叶问3》,2016.3.4,20
《不可思异》,2015.12.4,173
《森林孤影》,2014.9.12,159
《最佳嫌疑人》,2014.4.18,26
《X战警：天启》,2016.6.3,152
《黄飞鸿之英雄有梦》,2014.11.21,141
《西游记之孙悟空三打白骨精》,2016.2.8,8
《怒放之青春再见》,2014.1.10,126
《独立日：卷土重来》,2016.6.24,18
《坏姐姐之拆婚联盟》,2014.11.28,13
《坏蛋必须死》,2015.11.27,149
《剑河》,2014.10.24,31
《男人不可以穷》,2014.12.24,107
《谁的青春不迷茫》,2016.4.22,147
《功夫熊猫3》,2016.1.29,190
《闯入者》,2015.4.30,31
《美国队长3》,2016.5.6,47
《我是大明星》,2015.12.20,19
《全能囧爸》,2015.3.5,81
《床下有人2》,2014.8.22,156
《非狐外传》,2014.3.14,160
《风云1927》,2014.5.23,92
《新娘大作战》,2015.8.20,170
《同桌的你》,2014.4.25,152
《恶棍天使》,2015.12.24,147
《绣春刀》,2014.8.7,14
《启功》,2015.9.10,140
《女生宿舍》,2014.9.12,61
《风云1927》,2014.5.23,163
《道士下山》,2015.7.3,169
《超脑48小时》,2016.5.13,185
《一代宗师》,2015.1.8,108
《触不可及》,2014.9.19,55
《天各一方》,2015.10.9,28
《咱们结婚吧》,2015.4.2,9
《整容日记》,2014.4.4,145
《寒战2》,2016.7.8,98
《前任攻略》,2014.1.31,15
《我在路上最爱你》,2014.3.28,202
《谁动了我的梦想》,2014.12.11,166
《爱宠大机密》,2016.8.2,172
《一路惊喜》,2015.2.6,170
《老炮儿》,2015.12.24,124
《一念天堂》,2015.12.31,203
《新步步惊心》,2015.8.7,67
《同桌的你》,2014.4.25,160
《分手达人》,2014.6.6,202
《恐怖游泳馆》,2015.7.31,119
《陆垚知马俐》,2016.7.15,111
《一路惊喜》,2015.2.6,137
《我想结婚的时候你在哪》,2014.8.1,80
《神战：权力之眼》,2016.3.11,170
《魔卡行动》,2015.10.16,166
《飞跃地心》,2014.8.9,30
《拳霸风云》,2015.6.26,66
《大话西游3》,2016.9.14,137
《启功》,2015.9.10,193
《神探驾到》,2015.2.6,11
《甜蜜杀机》,2014.3.7,146
《谁的青春不迷茫》,2016.4.22,13
《伦敦陷落》,2016.4.8,18
《爱情魔发师》,2015.7.17,66
《左耳》,2015.4.24,193
《鲨滩》,2016.9.9,50
《老男孩之猛龙过江》,2014.7.10,41
《年兽大作战》,2016.2.8,41
《唐人街探案》,2015.12.31,86
《美国队长3》,2016.5.6,202
《缘来是游戏》,2014.9.19,43
《绣春刀》,2014.8.7,116
《毕业那年--分手季》,2014.10.17,118
《好命先生》,2014.8.15,180
《睡在我上铺的兄弟》,2016.4.1,170
《封门诡影》,2015.3.13,11
《人间小团圆》,2014.5.8,119
《怦然星动》,2015.12.3,122
《疯狂动物城》,2016.3.4,100
《夜半梳头》,2014.6.13,18
《不可思异》,2015.12.4,89
《分手再说我爱你》,2015.12.24,77
《卧虎藏龙：青冥宝剑》,2016.2.19,77
《可爱的你》,2015.3.20,36
《夏有乔木雅望天堂》,2016.8.5,91
《永春白鹤拳之擎天画卷》,2014.8.15,149
《顺风车》,2015.6.5,58
《新娘大作战》,2015.8.20,64
《大话天仙》,2014.2.2,62
《澳门风云》,2014.1.31,103
《猎神：冬日之战》,2016.4.22,44
《林中小屋》,2014.2.14,97
《巴啦啦小魔仙之魔箭公主》,2015.10.1,55
《惊天魔盗团2》,2016.6.24,72
《分手大师》,2014.6.27,188
《唐人街探案》,2015.12.31,43
《爱情进化论》,2014.8.15,160
《毕业那年--分手季》,2014.10.17,164
《咱们结婚吧》,2015.4.2,161
《不朽的时光》,2016.4.15,104
《熊出没之熊心归来》,2016.1.16,145
《精武青春》,2014.12.11,111
《西游记之大圣归来》,2015.7.10,123
《我的少女时代》,2015.11.19,27
《永春白鹤拳之擎天画卷》,2014.8.15,44
《9号女神》,2014.1.9,131
《窃听风云3》,2014.5.29,193
《诡镇》,2014.1.17,179
《一代宗师》,2015.1.8,7
《黄飞鸿之英雄有梦》,2014.11.21,28
《谍影重重5》,2016.8.23,40
《恶战》,2014.1.10,150
《巴黎危机》,2016.9.20,179
《将错就错》,2015.3.5,111
《森林孤影》,2014.9.12,84
《盗马记》,2014.3.21,115
《将错就错》,2015.3.5,70
《百团大战》,2015.8.28,62
《冰封：重生之门》,2014.4.25,29
《9号女神》,2014.1.9,154
《魔兽》,2016.6.8,39
《睡在我上铺的兄弟》,2016.4.1,64
《美人邦》,2014.8.28,101
《道士下山》,2015.7.3,118
《寄生兽》,2016.9.2,84
《功夫熊猫3》,2016.1.29,29
《死亡邮件》,2014.6.20,72
《冲上云霄》,2015.2.19,46
《剑河》,2014.10.24,48
《一步之遥》,2014.12.18,94
《分手达人》,2014.6.6,83
《师父》,2015.12.10,121
《家在水草丰茂的地方》,2015.10.23,167
《吉星高照2015》,2015.3.1,138
《夜行动物》,2014.1.9,91
《既然青春留不住》,2015.10.23,192
《坏姐姐之拆婚联盟》,2014.11.28,83
《精武青春》,2014.12.11,89
《匆匆那年》,2014.12.5,107
《菊花台》,2014.2.14,7
《卧龙岗》,2014.10.17,52
《全能囧爸》,2015.3.5,142
《爸爸去哪儿》,2014.1.31,79
《九层妖塔》,2015.9.30,86
《江湖论剑实录》,2014.8.15,138
《盗马记》,2014.3.21,29
《人间小团圆》,2014.5.8,12
《整容日记》,2014.4.4,32
《蒲出去》,2014.1.30,95
《闯入者》,2015.4.30,154
《魔警》,2014.4.18,178
《诡镇》,2014.1.17,106
《甜蜜杀机》,2014.3.7,42
《过界男女》,2014.2.14,84
《师父》,2015.12.10,111
《星际迷航：超越星辰》,2016.9.2,18
《盗墓笔记》,2016.8.5,27
《魁拔Ⅲ战神崛起》,2014.10.1,164
《拳霸风云》,2015.6.26,125
《蒲出去》,2014.1.30,44
《忍者神龟2：破影而出》,2016.7.2,68
《百鸟朝凤》,2016.5.6,101
《森林孤影》,2014.9.12,9
《痞子英雄2：黎明升起》,2014.10.1,61
《京城81号》,2014.7.18,60
《丑男大翻身》,2014.5.27,106
《我是路人甲》,2015.7.3,47
《龙之谷：破晓奇兵》,2014.7.31,187
《9号女神》,2014.1.9,175
《熊出没之熊心归来》,2016.1.16,97
《我的少女时代》,2015.11.19,42
《煎饼侠》,2015.7.17,32
《永春白鹤拳之擎天画卷》,2014.8.15,17
《我想结婚的时候你在哪》,2014.8.1,137
《既然青春留不住》,2015.10.23,196
《冲上云霄》,2015.2.19,129
《龙之谷：破晓奇兵》,2014.7.31,177
《唐人街探案》,2015.12.31,132
《谁是卧底之王牌》,2014.12.31,138
《宅女侦探桂香》,2015.8.13,44
《百鸟朝凤》,2016.5.6,204
《兔侠之青黎传说》,2015.2.21,189
《黎明之眼》,2014.9.18,61
《人间小团圆》,2014.5.8,72
《少年班》,2015.6.19,115
《十二公民》,2015.5.15,100
《菊花台》,2014.2.14,28
《致青春·原来你还在这里》,2016.7.8,76
《狼图腾》,2015.2.19,14
《陆垚知马俐》,2016.7.15,109
《我在路上最爱你》,2014.3.28,53
《煎饼侠》,2015.7.17,152
《万物生长》,2015.4.17,72
《撒娇女人最好命》,2014.11.28,61
《一步之遥》,2014.12.18,29
《爱之初体验》,2015.8.7,67
《星际迷航：超越星辰》,2016.9.2,93
《一号目标》,2014.5.23,42
《林中小屋》,2014.2.14,163
《新步步惊心》,2015.8.7,84
《紫霞》,2015.12.11,169
《恶战》,2014.1.10,163
《吉星高照2015》,2015.3.1,126
《魁拔Ⅲ战神崛起》,2014.10.1,190
《功夫熊猫3》,2016.1.29,36
《巴黎假期》,2015.7.31,29
《前任2：备胎反击战》,2015.11.6,132
《一念天堂》,2015.12.31,88
《咱们结婚吧》,2015.4.2,204
《脱轨时代》,2014.3.7,98
《神战：权力之眼》,2016.3.11,110
《危城》,2016.8.12,157
《恶棍天使》,2015.12.24,59
《谁的青春不迷茫》,2016.4.22,123
《冲上云霄》,2015.2.19,159
《魔卡行动》,2015.10.16,45
《鬼吹灯之寻龙诀》,2015.12.18,88
《好命先生》,2014.8.15,7
《将错就错》,2015.3.5,120
《坏姐姐之拆婚联盟》,2014.11.28,157
《唐人街探案》,2015.12.31,6
《甜蜜杀机》,2014.3.7,155
《后会无期》,2014.7.24,106
《女生宿舍》,2014.9.12,201
《不朽的时光》,2016.4.15,140
《捉妖记》,2015.7.16,61
《西游记之大圣归来》,2015.7.10,32
《卧龙岗》,2014.10.17,122
《西游记之大闹天宫》,2014.1.31,58
《笔仙惊魂3》,2014.4.4,116
《何以笙箫默》,2015.4.30,129
《黄飞鸿之英雄有梦》,2014.11.21,74
《冰川时代5：星际碰撞》,2016.8.23,114
《哆啦A梦：新·大雄的日本诞生》,2016.7.22,85
《长江7号超萌特攻队》,2015.9.26,60
《听说》,2015.6.26,100
《黄飞鸿之英雄有梦》,2014.11.21,150
《浪漫天降》,2015.10.23,169
《美人邦》,2014.8.28,82
《熊出没之年货》,2014.1.30,179
《一步之遥》,2014.12.18,9
《十二公民》,2015.5.15,162
《功夫熊猫3》,2016.1.29,69
《好命先生》,2014.8.15,201
《卧龙岗》,2014.10.17,130
《破局》,2014.7.11,138
《盗马记》,2014.3.21,88
《全城通缉》,2014.11.6,87
《西游记之孙悟空三打白骨精》,2016.2.8,31
《九层妖塔》,2015.9.30,140
《心咒》,2014.5.23,65
《巴黎危机》,2016.9.20,60
《神战：权力之眼》,2016.3.11,129
《我是大明星》,2015.12.20,144
《最佳嫌疑人》,2014.4.18,182
《江湖论剑实录》,2014.8.15,101
《窃听风云3》,2014.5.29,53
《澳门风云2》,2015.2.19,196
《推拿》,2014.11.28,165
《我是证人》,2015.10.3,134
《刺客聂隐娘》,2015.8.27,108
《星际迷航：超越星辰》,2016.9.2,139
《一万年以后》,2015.3.27,97
《白日焰火》,2014.3.21,107
《闺蜜》,2014.7.30,180
《天各一方》,2015.10.9,47
《女生宿舍》,2014.9.12,26
《反贪风暴》,2014.8.16,23
《全城通缉》,2014.11.6,89
《寒战2》,2016.7.8,104
《少年班》,2015.6.19,114
《陆垚知马俐》,2016.7.15,143
《匆匆那年》,2014.12.5,196
《火锅英雄》,2016.4.1,191
《寄生兽》,2016.9.2,152
《新步步惊心》,2015.8.7,88
《煎饼侠》,2015.7.17,101
《西游记之孙悟空三打白骨精》,2016.2.8,53
《谍影重重5》,2016.8.23,30
《过界男女》,2014.2.14,98
《爸爸去哪儿》,2014.1.31,197
《老炮儿》,2015.12.24,77
《宅女侦探桂香》,2015.8.13,80
《龙之谷：破晓奇兵》,2014.7.31,190
《九条命》,2016.9.9,133
《完美超越》,2014.1.5,84
《鬼吹灯之寻龙诀》,2015.12.18,168
《赏金猎人》,2016.7.1,117
《秦时明月之龙腾万里》,2014.8.8,16
《夜半梳头》,2014.6.13,157
《死亡邮件》,2014.6.20,29
《赏金猎人》,2016.7.1,156
《谁动了我的梦想》,2014.12.11,87
《林中小屋》,2014.2.14,98
《守梦者》,2015.7.24,51
《疯狂72小时》,2014.6.6,131
《好命先生》,2014.8.15,200
《飞跃地心》,2014.8.9,125
《诡镇》,2014.1.17,68
《九条命》,2016.9.9,155
《对不起，我爱你》,2014.1.3,160
《狙击时刻》,2014.10.24,14
《紫霞》,2015.12.11,50
《重返20岁》,2015.1.8,49
《枪过境》,2015.4.16,43
《暴疯语》,2015.4.3,159
《夜半梳头》,2014.6.13,146
《撒娇女人最好命》,2014.11.28,156
《惊天大逆转》,2016.7.15,45
《听说》,2015.6.26,64
《恶棍天使》,2015.12.24,12
《同桌的你》,2014.4.25,46
《夏有乔木雅望天堂》,2016.8.5,185
《失孤》,2015.3.20,113
《恐怖游泳馆》,2015.7.31,57
《星际迷航：超越星辰》,2016.9.2,106
《森林孤影》,2014.9.12,134
《一号目标》,2014.5.23,130
《狙击时刻》,2014.10.24,136
《惊天大逆转》,2016.7.15,17
《大话西游3》,2016.9.14,177
《浪漫天降》,2015.10.23,203
《青春时光》,2014.11.28,119
《不能错过》,2015.12.10,45
《碟仙诡谭》,2014.8.8,183
《潜龙风云》,2014.11.7,124
《枪过境》,2015.4.16,161
《恶棍天使》,2015.12.24,64
《一号目标》,2014.5.23,83
《死亡邮件》,2014.6.20,186
《致青春·原来你还在这里》,2016.7.8,118
《巴黎假期》,2015.7.31,156
《卧虎藏龙：青冥宝剑》,2016.2.19,115
《白日焰火》,2014.3.21,20
《独立日：卷土重来》,2016.6.24,70
《碟仙诡谭》,2014.8.8,107
《还魂之迷失曼谷》,2014.12.26,97
《心咒》,2014.5.23,50
《封门诡影》,2015.3.13,108
《大话西游3》,2016.9.14,93
《百变爱人》,2014.4.11,168
《全能囧爸》,2015.3.5,52
《恶战》,2014.1.10,71
《老炮儿》,2015.12.24,172
《我是谁2015》,2015.6.12,167
《好命先生》,2014.8.15,6
《忍者神龟2：破影而出》,2016.7.2,146
《精武青春》,2014.12.11,189
《前任攻略》,2014.1.31,124
《咱们结婚吧》,2015.4.2,44
《一万年以后》,2015.3.27,143
《爱情魔发师》,2015.7.17,135
《风云1927》,2014.5.23,189
《狼图腾》,2015.2.19,40
《一路向前》,2015.8.6,146
《百鸟朝凤》,2016.5.6,148
《港囧》,2015.9.25,29
《探灵档案》,2015.3.7,151
《我们的十年》,2016.9.2,15
《神探驾到》,2015.2.6,86
《后会无期》,2014.7.24,39
《狼图腾》,2015.2.19,25
《诡镇》,2014.1.17,203
《不能说的夏天》,2014.10.24,90
《超脑48小时》,2016.5.13,74
《暴疯语》,2015.4.3,183
《还魂之迷失曼谷》,2014.12.26,194
《美人鱼》,2016.2.8,151
《还魂之迷失曼谷》,2014.12.26,67
《京城81号》,2014.7.18,164
《临时同居》,2014.8.21,63
《消失的凶手》,2015.11.27,22
《栀子花开》,2015.7.10,53
《夏洛特烦恼》,2015.9.30,135
《秦时明月之龙腾万里》,2014.8.8,111
《少年班》,2015.6.19,163
《暴疯语》,2015.4.3,82
《心咒》,2014.5.23,71
《重返20岁》,2015.1.8,27
《临时同居》,2014.8.21,58
《白日焰火》,2014.3.21,100
《坏姐姐之拆婚联盟》,2014.11.28,126
《绣春刀》,2014.8.7,6
《潜龙风云》,2014.11.7,146
《睡在我上铺的兄弟》,2016.4.1,67
《封神传奇》,2016.7.29,80
《顺风车》,2015.6.5,172
《不能说的夏天》,2014.10.24,115
《长江7号超萌特攻队》,2015.9.26,110
《青春时光》,2014.11.28,156
《笔仙惊魂3》,2014.4.4,143
《探灵档案》,2015.3.7,121
《爸爸去哪儿》,2014.1.31,108
《何以笙箫默》,2015.4.30,77
《爱情进化论》,2014.8.15,36
《不能错过》,2015.12.10,101
《疯狂72小时》,2014.6.6,198
《爱之初体验》,2015.8.7,111
《对不起，我爱你》,2014.1.3,8
《独立日：卷土重来》,2016.6.24,28
《反贪风暴》,2014.8.16,17
《黎明之眼》,2014.9.18,10
《匆匆那年》,2014.12.5,12
《窃听风云3》,2014.5.29,193
《澳门风云3》,2016.2.8,60
《剑河》,2014.10.24,151
《卧龙岗》,2014.10.17,111
《青春时光》,2014.11.28,85
《破局》,2014.7.11,123
《一生一世》,2014.9.5,59
《熊出没之夺宝熊兵》,2014.1.17,139
《前任2：备胎反击战》,2015.11.6,153
《分手再说我爱你》,2015.12.24,153
《黄飞鸿之英雄有梦》,2014.11.21,34
《全城通缉》,2014.11.6,151
《盗墓笔记》,2016.8.5,18
《我在路上最爱你》,2014.3.28,195
《大话西游3》,2016.9.14,106
《笔仙惊魂3》,2014.4.4,15
《最美的时候遇见你》,2015.12.11,106
《爱情进化论》,2014.8.15,186
《寒战2》,2016.7.8,5
《捉妖记》,2015.7.16,158
《万万没想到》,2015.12.18,144
《巴黎假期》,2015.7.31,9
《人间小团圆》,2014.5.8,197
《归来》,2014.5.16,120
《栀子花开》,2015.7.10,23
《百团大战》,2015.8.28,180
《拳霸风云》,2015.6.26,168
《谁动了我的梦想》,2014.12.11,33
《听说》,2015.6.26,50
《怦然星动》,2015.12.3,76
《失孤》,2015.3.20,176
《菊花台》,2014.2.14,85
《澳门风云2》,2015.2.19,198
《百团大战》,2015.8.28,143
《前任2：备胎反击战》,2015.11.6,130
《临时同居》,2014.8.21,16
《十二公民》,2015.5.15,35
《一路惊喜》,2015.2.6,17
《盗墓笔记》,2016.8.5,169
《赏金猎人》,2016.7.1,140
《爱情魔发师》,2015.7.17,102
《丑男大翻身》,2014.5.27,40
《独立日：卷土重来》,2016.6.24,31
《冲上云霄》,2015.2.19,86
《全能囧爸》,2015.3.5,93
《归来》,2014.5.16,101
《全城通缉》,2014.11.6,114
《听说》,2015.6.26,144
《一路向前》,2015.8.6,35
《反贪风暴》,2014.8.16,123
《怦然星动》,2015.12.3,154
《菜鸟》,2015.3.27,150
《前任攻略》,2014.1.31,166
《黎明之眼》,2014.9.18,86
《追爱大布局》,2014.4.15,14
《绣春刀》,2014.8.7,7
《小时代3：刺金时代》,2014.7.17,193
《推拿》,2014.11.28,79
《京城81号》,2014.7.18,130
《赏金猎人》,2016.7.1,155
《过界男女》,2014.2.14,65
《剑河》,2014.10.24,147
《寄生兽》,2016.9.2,133
《澳门风云3》,2016.2.8,60
《白日焰火》,2014.3.21,33
《最佳嫌疑人》,2014.4.18,190
《小时代4：灵魂尽头》,2015.7.9,12
《不能错过》,2015.12.10,112
《心迷宫》,2015.10.16,7
《左耳》,2015.4.24,47
《天将雄师》,2015.2.19,156
《永春白鹤拳之擎天画卷》,2014.8.15,147
《追爱大布局》,2014.4.15,70
《小时代3：刺金时代》,2014.7.17,191
《潜龙风云》,2014.11.7,147
《盗马记》,2014.3.21,190
《不爱不散》,2014.1.10,24
《超脑48小时》,2016.5.13,66
《绣春刀》,2014.8.7,179
《封门诡影》,2015.3.13,112
《不爱不散》,2014.1.10,65
《简单爱》,2015.7.3,22
《不能错过》,2015.12.10,103
《巴黎危机》,2016.9.20,63
《非狐外传》,2014.3.14,104
《北回归线》,2014.10.17,168
《最佳嫌疑人》,2014.4.18,110
《谁动了我的梦想》,2014.12.11,93
《魔卡行动》,2015.10.16,82
《紫霞》,2015.12.11,200
《不爱不散》,2014.1.10,97
《兔侠之青黎传说》,2015.2.21,98
《猎神：冬日之战》,2016.4.22,195
《叶问3》,2016.3.4,107
《老男孩之猛龙过江》,2014.7.10,23
《大变局之梦回甲午》,2015.9.1,73
《整容日记》,2014.4.4,175
《一路惊喜》,2015.2.6,110
《我们的十年》,2016.9.2,41
《夜行动物》,2014.1.9,157
《一生一世》,2014.9.5,87
《捉妖记》,2015.7.16,23
《魔兽》,2016.6.8,24
《我是谁2015》,2015.6.12,120
《前任攻略》,2014.1.31,17
《消失的凶手》,2015.11.27,81
《蒲出去》,2014.1.30,162
《一个人的武林》,2014.10.31,177
《一路向前》,2015.8.6,157
